# JRE version: OpenJDK Runtime Environment (21.0.8) (build 21.0.8+-14196175-b1038.72)
# Java VM: OpenJDK 64-Bit Server VM (21.0.8+-14196175-b1038.72, mixed mode, tiered, compressed oops, compressed class ptrs, serial gc, windows-amd64)
GC Precious Log:
 CardTable entry size: 512
 CPUs: 28 total, 28 available
 Memory: 32471M
 Large Page Support: Disabled
 NUMA Support: Disabled
 Compressed Oops: Enabled (32-bit)
 Heap Min Capacity: 8M
 Heap Initial Capacity: 508M
 Heap Max Capacity: 1G
 Pre-touch: Disabled
Heap:
 def new generation   total 256640K, used 156307K [0x00000000c0000000, 0x00000000d1670000, 0x00000000d5550000)
  eden space 228160K,  68% used [0x00000000c0000000, 0x00000000c98a4f18, 0x00000000cded0000)
  from space 28480K,   0% used [0x00000000cfaa0000, 0x00000000cfaa0000, 0x00000000d1670000)
  to   space 28480K,   0% used [0x00000000cded0000, 0x00000000cded0000, 0x00000000cfaa0000)
 tenured generation   total 699072K, used 572755K [0x00000000d5550000, 0x0000000100000000, 0x0000000100000000)
   the space 699072K,  81% used [0x00000000d5550000, 0x00000000f84a4ff0, 0x00000000f84a5000, 0x0000000100000000)
 Metaspace       used 207878K, committed 210816K, reserved 1245184K
  class space    used 27013K, committed 28224K, reserved 1048576K
GC Heap History (20 events):
Event: 58.138 GC heap before
{Heap before GC invocations=65 (full 9):
 def new generation   total 256640K, used 228160K [0x00000000c0000000, 0x00000000d1670000, 0x00000000d5550000)
  eden space 228160K, 100% used [0x00000000c0000000, 0x00000000cded0000, 0x00000000cded0000)
  from space 28480K,   0% used [0x00000000cded0000, 0x00000000cded0000, 0x00000000cfaa0000)
  to   space 28480K,   0% used [0x00000000cfaa0000, 0x00000000cfaa0000, 0x00000000d1670000)
 tenured generation   total 569684K, used 341808K [0x00000000d5550000, 0x00000000f81a5000, 0x0000000100000000)
   the space 569684K,  59% used [0x00000000d5550000, 0x00000000ea31c228, 0x00000000ea31c400, 0x00000000f81a5000)
 Metaspace       used 207796K, committed 210816K, reserved 1245184K
  class space    used 27009K, committed 28224K, reserved 1048576K
}
Event: 58.240 GC heap after
{Heap after GC invocations=66 (full 9):
 def new generation   total 256640K, used 28480K [0x00000000c0000000, 0x00000000d1670000, 0x00000000d5550000)
  eden space 228160K,   0% used [0x00000000c0000000, 0x00000000c0000000, 0x00000000cded0000)
  from space 28480K, 100% used [0x00000000cfaa0000, 0x00000000d1670000, 0x00000000d1670000)
  to   space 28480K,   0% used [0x00000000cded0000, 0x00000000cded0000, 0x00000000cfaa0000)
 tenured generation   total 569684K, used 348282K [0x00000000d5550000, 0x00000000f81a5000, 0x0000000100000000)
   the space 569684K,  61% used [0x00000000d5550000, 0x00000000ea96eb70, 0x00000000ea96ec00, 0x00000000f81a5000)
 Metaspace       used 207796K, committed 210816K, reserved 1245184K
  class space    used 27009K, committed 28224K, reserved 1048576K
}
Event: 58.536 GC heap before
{Heap before GC invocations=66 (full 9):
 def new generation   total 256640K, used 256640K [0x00000000c0000000, 0x00000000d1670000, 0x00000000d5550000)
  eden space 228160K, 100% used [0x00000000c0000000, 0x00000000cded0000, 0x00000000cded0000)
  from space 28480K, 100% used [0x00000000cfaa0000, 0x00000000d1670000, 0x00000000d1670000)
  to   space 28480K,   0% used [0x00000000cded0000, 0x00000000cded0000, 0x00000000cfaa0000)
 tenured generation   total 569684K, used 348282K [0x00000000d5550000, 0x00000000f81a5000, 0x0000000100000000)
   the space 569684K,  61% used [0x00000000d5550000, 0x00000000ea96eb70, 0x00000000ea96ec00, 0x00000000f81a5000)
 Metaspace       used 207803K, committed 210816K, reserved 1245184K
  class space    used 27009K, committed 28224K, reserved 1048576K
}
Event: 58.650 GC heap after
{Heap after GC invocations=67 (full 9):
 def new generation   total 256640K, used 22800K [0x00000000c0000000, 0x00000000d1670000, 0x00000000d5550000)
  eden space 228160K,   0% used [0x00000000c0000000, 0x00000000c0000000, 0x00000000cded0000)
  from space 28480K,  80% used [0x00000000cded0000, 0x00000000cf5143a0, 0x00000000cfaa0000)
  to   space 28480K,   0% used [0x00000000cfaa0000, 0x00000000cfaa0000, 0x00000000d1670000)
 tenured generation   total 569684K, used 376711K [0x00000000d5550000, 0x00000000f81a5000, 0x0000000100000000)
   the space 569684K,  66% used [0x00000000d5550000, 0x00000000ec531fe8, 0x00000000ec532000, 0x00000000f81a5000)
 Metaspace       used 207803K, committed 210816K, reserved 1245184K
  class space    used 27009K, committed 28224K, reserved 1048576K
}
Event: 58.918 GC heap before
{Heap before GC invocations=67 (full 9):
 def new generation   total 256640K, used 250960K [0x00000000c0000000, 0x00000000d1670000, 0x00000000d5550000)
  eden space 228160K, 100% used [0x00000000c0000000, 0x00000000cded0000, 0x00000000cded0000)
  from space 28480K,  80% used [0x00000000cded0000, 0x00000000cf5143a0, 0x00000000cfaa0000)
  to   space 28480K,   0% used [0x00000000cfaa0000, 0x00000000cfaa0000, 0x00000000d1670000)
 tenured generation   total 569684K, used 376711K [0x00000000d5550000, 0x00000000f81a5000, 0x0000000100000000)
   the space 569684K,  66% used [0x00000000d5550000, 0x00000000ec531fe8, 0x00000000ec532000, 0x00000000f81a5000)
 Metaspace       used 207818K, committed 210816K, reserved 1245184K
  class space    used 27009K, committed 28224K, reserved 1048576K
}
Event: 59.034 GC heap after
{Heap after GC invocations=68 (full 9):
 def new generation   total 256640K, used 26923K [0x00000000c0000000, 0x00000000d1670000, 0x00000000d5550000)
  eden space 228160K,   0% used [0x00000000c0000000, 0x00000000c0000000, 0x00000000cded0000)
  from space 28480K,  94% used [0x00000000cfaa0000, 0x00000000d14eaf60, 0x00000000d1670000)
  to   space 28480K,   0% used [0x00000000cded0000, 0x00000000cded0000, 0x00000000cfaa0000)
 tenured generation   total 569684K, used 399031K [0x00000000d5550000, 0x00000000f81a5000, 0x0000000100000000)
   the space 569684K,  70% used [0x00000000d5550000, 0x00000000edafde60, 0x00000000edafe000, 0x00000000f81a5000)
 Metaspace       used 207818K, committed 210816K, reserved 1245184K
  class space    used 27009K, committed 28224K, reserved 1048576K
}
Event: 59.250 GC heap before
{Heap before GC invocations=68 (full 9):
 def new generation   total 256640K, used 255083K [0x00000000c0000000, 0x00000000d1670000, 0x00000000d5550000)
  eden space 228160K, 100% used [0x00000000c0000000, 0x00000000cded0000, 0x00000000cded0000)
  from space 28480K,  94% used [0x00000000cfaa0000, 0x00000000d14eaf60, 0x00000000d1670000)
  to   space 28480K,   0% used [0x00000000cded0000, 0x00000000cded0000, 0x00000000cfaa0000)
 tenured generation   total 569684K, used 399031K [0x00000000d5550000, 0x00000000f81a5000, 0x0000000100000000)
   the space 569684K,  70% used [0x00000000d5550000, 0x00000000edafde60, 0x00000000edafe000, 0x00000000f81a5000)
 Metaspace       used 207834K, committed 210816K, reserved 1245184K
  class space    used 27012K, committed 28224K, reserved 1048576K
}
Event: 59.370 GC heap after
{Heap after GC invocations=69 (full 9):
 def new generation   total 256640K, used 28480K [0x00000000c0000000, 0x00000000d1670000, 0x00000000d5550000)
  eden space 228160K,   0% used [0x00000000c0000000, 0x00000000c0000000, 0x00000000cded0000)
  from space 28480K, 100% used [0x00000000cded0000, 0x00000000cfaa0000, 0x00000000cfaa0000)
  to   space 28480K,   0% used [0x00000000cfaa0000, 0x00000000cfaa0000, 0x00000000d1670000)
 tenured generation   total 569684K, used 428072K [0x00000000d5550000, 0x00000000f81a5000, 0x0000000100000000)
   the space 569684K,  75% used [0x00000000d5550000, 0x00000000ef75a028, 0x00000000ef75a200, 0x00000000f81a5000)
 Metaspace       used 207834K, committed 210816K, reserved 1245184K
  class space    used 27012K, committed 28224K, reserved 1048576K
}
Event: 59.620 GC heap before
{Heap before GC invocations=69 (full 9):
 def new generation   total 256640K, used 256640K [0x00000000c0000000, 0x00000000d1670000, 0x00000000d5550000)
  eden space 228160K, 100% used [0x00000000c0000000, 0x00000000cded0000, 0x00000000cded0000)
  from space 28480K, 100% used [0x00000000cded0000, 0x00000000cfaa0000, 0x00000000cfaa0000)
  to   space 28480K,   0% used [0x00000000cfaa0000, 0x00000000cfaa0000, 0x00000000d1670000)
 tenured generation   total 569684K, used 428072K [0x00000000d5550000, 0x00000000f81a5000, 0x0000000100000000)
   the space 569684K,  75% used [0x00000000d5550000, 0x00000000ef75a028, 0x00000000ef75a200, 0x00000000f81a5000)
 Metaspace       used 207835K, committed 210816K, reserved 1245184K
  class space    used 27012K, committed 28224K, reserved 1048576K
}
Event: 59.731 GC heap after
{Heap after GC invocations=70 (full 9):
 def new generation   total 256640K, used 28480K [0x00000000c0000000, 0x00000000d1670000, 0x00000000d5550000)
  eden space 228160K,   0% used [0x00000000c0000000, 0x00000000c0000000, 0x00000000cded0000)
  from space 28480K, 100% used [0x00000000cfaa0000, 0x00000000d1670000, 0x00000000d1670000)
  to   space 28480K,   0% used [0x00000000cded0000, 0x00000000cded0000, 0x00000000cfaa0000)
 tenured generation   total 569684K, used 458625K [0x00000000d5550000, 0x00000000f81a5000, 0x0000000100000000)
   the space 569684K,  80% used [0x00000000d5550000, 0x00000000f1530670, 0x00000000f1530800, 0x00000000f81a5000)
 Metaspace       used 207835K, committed 210816K, reserved 1245184K
  class space    used 27012K, committed 28224K, reserved 1048576K
}
Event: 59.940 GC heap before
{Heap before GC invocations=70 (full 9):
 def new generation   total 256640K, used 256640K [0x00000000c0000000, 0x00000000d1670000, 0x00000000d5550000)
  eden space 228160K, 100% used [0x00000000c0000000, 0x00000000cded0000, 0x00000000cded0000)
  from space 28480K, 100% used [0x00000000cfaa0000, 0x00000000d1670000, 0x00000000d1670000)
  to   space 28480K,   0% used [0x00000000cded0000, 0x00000000cded0000, 0x00000000cfaa0000)
 tenured generation   total 569684K, used 458625K [0x00000000d5550000, 0x00000000f81a5000, 0x0000000100000000)
   the space 569684K,  80% used [0x00000000d5550000, 0x00000000f1530670, 0x00000000f1530800, 0x00000000f81a5000)
 Metaspace       used 207855K, committed 210816K, reserved 1245184K
  class space    used 27013K, committed 28224K, reserved 1048576K
}
Event: 60.049 GC heap after
{Heap after GC invocations=71 (full 9):
 def new generation   total 256640K, used 28402K [0x00000000c0000000, 0x00000000d1670000, 0x00000000d5550000)
  eden space 228160K,   0% used [0x00000000c0000000, 0x00000000c0000000, 0x00000000cded0000)
  from space 28480K,  99% used [0x00000000cded0000, 0x00000000cfa8c8b0, 0x00000000cfaa0000)
  to   space 28480K,   0% used [0x00000000cfaa0000, 0x00000000cfaa0000, 0x00000000d1670000)
 tenured generation   total 569684K, used 487081K [0x00000000d5550000, 0x00000000f81a5000, 0x0000000100000000)
   the space 569684K,  85% used [0x00000000d5550000, 0x00000000f30fa610, 0x00000000f30fa800, 0x00000000f81a5000)
 Metaspace       used 207855K, committed 210816K, reserved 1245184K
  class space    used 27013K, committed 28224K, reserved 1048576K
}
Event: 60.250 GC heap before
{Heap before GC invocations=71 (full 9):
 def new generation   total 256640K, used 256562K [0x00000000c0000000, 0x00000000d1670000, 0x00000000d5550000)
  eden space 228160K, 100% used [0x00000000c0000000, 0x00000000cded0000, 0x00000000cded0000)
  from space 28480K,  99% used [0x00000000cded0000, 0x00000000cfa8c8b0, 0x00000000cfaa0000)
  to   space 28480K,   0% used [0x00000000cfaa0000, 0x00000000cfaa0000, 0x00000000d1670000)
 tenured generation   total 569684K, used 487081K [0x00000000d5550000, 0x00000000f81a5000, 0x0000000100000000)
   the space 569684K,  85% used [0x00000000d5550000, 0x00000000f30fa610, 0x00000000f30fa800, 0x00000000f81a5000)
 Metaspace       used 207860K, committed 210816K, reserved 1245184K
  class space    used 27013K, committed 28224K, reserved 1048576K
}
Event: 60.377 GC heap after
{Heap after GC invocations=72 (full 9):
 def new generation   total 256640K, used 28479K [0x00000000c0000000, 0x00000000d1670000, 0x00000000d5550000)
  eden space 228160K,   0% used [0x00000000c0000000, 0x00000000c0000000, 0x00000000cded0000)
  from space 28480K,  99% used [0x00000000cfaa0000, 0x00000000d166fff8, 0x00000000d1670000)
  to   space 28480K,   0% used [0x00000000cded0000, 0x00000000cded0000, 0x00000000cfaa0000)
 tenured generation   total 569684K, used 516543K [0x00000000d5550000, 0x00000000f81a5000, 0x0000000100000000)
   the space 569684K,  90% used [0x00000000d5550000, 0x00000000f4dbfe20, 0x00000000f4dc0000, 0x00000000f81a5000)
 Metaspace       used 207860K, committed 210816K, reserved 1245184K
  class space    used 27013K, committed 28224K, reserved 1048576K
}
Event: 60.573 GC heap before
{Heap before GC invocations=72 (full 9):
 def new generation   total 256640K, used 256639K [0x00000000c0000000, 0x00000000d1670000, 0x00000000d5550000)
  eden space 228160K, 100% used [0x00000000c0000000, 0x00000000cded0000, 0x00000000cded0000)
  from space 28480K,  99% used [0x00000000cfaa0000, 0x00000000d166fff8, 0x00000000d1670000)
  to   space 28480K,   0% used [0x00000000cded0000, 0x00000000cded0000, 0x00000000cfaa0000)
 tenured generation   total 569684K, used 516543K [0x00000000d5550000, 0x00000000f81a5000, 0x0000000100000000)
   the space 569684K,  90% used [0x00000000d5550000, 0x00000000f4dbfe20, 0x00000000f4dc0000, 0x00000000f81a5000)
 Metaspace       used 207863K, committed 210816K, reserved 1245184K
  class space    used 27013K, committed 28224K, reserved 1048576K
}
Event: 60.690 GC heap after
{Heap after GC invocations=73 (full 9):
 def new generation   total 256640K, used 27838K [0x00000000c0000000, 0x00000000d1670000, 0x00000000d5550000)
  eden space 228160K,   0% used [0x00000000c0000000, 0x00000000c0000000, 0x00000000cded0000)
  from space 28480K,  97% used [0x00000000cded0000, 0x00000000cf9ffb88, 0x00000000cfaa0000)
  to   space 28480K,   0% used [0x00000000cfaa0000, 0x00000000cfaa0000, 0x00000000d1670000)
 tenured generation   total 569684K, used 544956K [0x00000000d5550000, 0x00000000f81a5000, 0x0000000100000000)
   the space 569684K,  95% used [0x00000000d5550000, 0x00000000f697f2a0, 0x00000000f697f400, 0x00000000f81a5000)
 Metaspace       used 207863K, committed 210816K, reserved 1245184K
  class space    used 27013K, committed 28224K, reserved 1048576K
}
Event: 60.891 GC heap before
{Heap before GC invocations=73 (full 9):
 def new generation   total 256640K, used 255998K [0x00000000c0000000, 0x00000000d1670000, 0x00000000d5550000)
  eden space 228160K, 100% used [0x00000000c0000000, 0x00000000cded0000, 0x00000000cded0000)
  from space 28480K,  97% used [0x00000000cded0000, 0x00000000cf9ffb88, 0x00000000cfaa0000)
  to   space 28480K,   0% used [0x00000000cfaa0000, 0x00000000cfaa0000, 0x00000000d1670000)
 tenured generation   total 569684K, used 544956K [0x00000000d5550000, 0x00000000f81a5000, 0x0000000100000000)
   the space 569684K,  95% used [0x00000000d5550000, 0x00000000f697f2a0, 0x00000000f697f400, 0x00000000f81a5000)
 Metaspace       used 207864K, committed 210816K, reserved 1245184K
  class space    used 27013K, committed 28224K, reserved 1048576K
}
Event: 61.006 GC heap after
{Heap after GC invocations=74 (full 9):
 def new generation   total 256640K, used 27147K [0x00000000c0000000, 0x00000000d1670000, 0x00000000d5550000)
  eden space 228160K,   0% used [0x00000000c0000000, 0x00000000c0000000, 0x00000000cded0000)
  from space 28480K,  95% used [0x00000000cfaa0000, 0x00000000d1522e18, 0x00000000d1670000)
  to   space 28480K,   0% used [0x00000000cded0000, 0x00000000cded0000, 0x00000000cfaa0000)
 tenured generation   total 572756K, used 572742K [0x00000000d5550000, 0x00000000f84a5000, 0x0000000100000000)
   the space 572756K,  99% used [0x00000000d5550000, 0x00000000f84a1818, 0x00000000f84a1a00, 0x00000000f84a5000)
 Metaspace       used 207864K, committed 210816K, reserved 1245184K
  class space    used 27013K, committed 28224K, reserved 1048576K
}
Event: 61.006 GC heap before
{Heap before GC invocations=74 (full 9):
 def new generation   total 256640K, used 27147K [0x00000000c0000000, 0x00000000d1670000, 0x00000000d5550000)
  eden space 228160K,   0% used [0x00000000c0000000, 0x00000000c0000000, 0x00000000cded0000)
  from space 28480K,  95% used [0x00000000cfaa0000, 0x00000000d1522e18, 0x00000000d1670000)
  to   space 28480K,   0% used [0x00000000cded0000, 0x00000000cded0000, 0x00000000cfaa0000)
 tenured generation   total 572756K, used 572742K [0x00000000d5550000, 0x00000000f84a5000, 0x0000000100000000)
   the space 572756K,  99% used [0x00000000d5550000, 0x00000000f84a1818, 0x00000000f84a1a00, 0x00000000f84a5000)
 Metaspace       used 207864K, committed 210816K, reserved 1245184K
  class space    used 27013K, committed 28224K, reserved 1048576K
}
Event: 64.141 GC heap after
{Heap after GC invocations=74 (full 10):
 def new generation   total 256640K, used 19652K [0x00000000c0000000, 0x00000000d1670000, 0x00000000d5550000)
  eden space 228160K,   8% used [0x00000000c0000000, 0x00000000c1331250, 0x00000000cded0000)
  from space 28480K,   0% used [0x00000000cfaa0000, 0x00000000cfaa0000, 0x00000000d1670000)
  to   space 28480K,   0% used [0x00000000cded0000, 0x00000000cded0000, 0x00000000cfaa0000)
 tenured generation   total 699072K, used 572755K [0x00000000d5550000, 0x0000000100000000, 0x0000000100000000)
   the space 699072K,  81% used [0x00000000d5550000, 0x00000000f84a4ff0, 0x00000000f84a5000, 0x0000000100000000)
 Metaspace       used 207864K, committed 210816K, reserved 1245184K
  class space    used 27013K, committed 28224K, reserved 1048576K
}

